<?xml version="1.0" encoding="UTF-8"?>
<testng-results ignored="0" total="3" passed="3" failed="0" skipped="0">
  <reporter-output>
  </reporter-output>
  <suite started-at="2024-11-01T15:42:06 IST" name="Suite" finished-at="2024-11-01T15:42:29 IST" duration-ms="22466">
    <groups>
    </groups>
    <test started-at="2024-11-01T15:42:06 IST" name="ChromeTest" finished-at="2024-11-01T15:42:13 IST" duration-ms="6310">
      <class name="testCases.TC001_AccountRegistrationTest">
        <test-method is-config="true" signature="setup(java.lang.String,java.lang.String)[pri:0, instance:testCases.TC001_AccountRegistrationTest@4748a0f9]" started-at="2024-11-01T15:42:06 IST" name="setup" finished-at="2024-11-01T15:42:10 IST" duration-ms="3986" status="PASS">
          <params>
            <param index="0">
              <value>
                <![CDATA[Windows]]>
              </value>
            </param>
            <param index="1">
              <value>
                <![CDATA[chrome]]>
              </value>
            </param>
          </params>
          <reporter-output>
          </reporter-output>
        </test-method> <!-- setup -->
        <test-method signature="tearDown()[pri:0, instance:testCases.TC001_AccountRegistrationTest@4748a0f9]" started-at="2024-11-01T15:42:10 IST" name="tearDown" finished-at="2024-11-01T15:42:12 IST" duration-ms="2106" status="PASS">
          <reporter-output>
          </reporter-output>
        </test-method> <!-- tearDown -->
        <test-method is-config="true" signature="verifyAccountRegistration()[pri:0, instance:testCases.TC001_AccountRegistrationTest@4748a0f9]" started-at="2024-11-01T15:42:12 IST" name="verifyAccountRegistration" finished-at="2024-11-01T15:42:13 IST" duration-ms="184" status="PASS">
          <reporter-output>
          </reporter-output>
        </test-method> <!-- verifyAccountRegistration -->
      </class> <!-- testCases.TC001_AccountRegistrationTest -->
    </test> <!-- ChromeTest -->
    <test started-at="2024-11-01T15:42:13 IST" name="EdgeTest" finished-at="2024-11-01T15:42:20 IST" duration-ms="7117">
      <class name="testCases.TC001_AccountRegistrationTest">
        <test-method is-config="true" signature="setup(java.lang.String,java.lang.String)[pri:0, instance:testCases.TC001_AccountRegistrationTest@e8df99a]" started-at="2024-11-01T15:42:13 IST" name="setup" finished-at="2024-11-01T15:42:16 IST" duration-ms="3781" status="PASS">
          <params>
            <param index="0">
              <value>
                <![CDATA[Windows]]>
              </value>
            </param>
            <param index="1">
              <value>
                <![CDATA[edge]]>
              </value>
            </param>
          </params>
          <reporter-output>
          </reporter-output>
        </test-method> <!-- setup -->
        <test-method signature="tearDown()[pri:0, instance:testCases.TC001_AccountRegistrationTest@e8df99a]" started-at="2024-11-01T15:42:16 IST" name="tearDown" finished-at="2024-11-01T15:42:19 IST" duration-ms="2080" status="PASS">
          <reporter-output>
          </reporter-output>
        </test-method> <!-- tearDown -->
        <test-method is-config="true" signature="verifyAccountRegistration()[pri:0, instance:testCases.TC001_AccountRegistrationTest@e8df99a]" started-at="2024-11-01T15:42:19 IST" name="verifyAccountRegistration" finished-at="2024-11-01T15:42:20 IST" duration-ms="1252" status="PASS">
          <reporter-output>
          </reporter-output>
        </test-method> <!-- verifyAccountRegistration -->
      </class> <!-- testCases.TC001_AccountRegistrationTest -->
    </test> <!-- EdgeTest -->
    <test started-at="2024-11-01T15:42:20 IST" name="FirefoxTest" finished-at="2024-11-01T15:42:29 IST" duration-ms="9007">
      <class name="testCases.TC001_AccountRegistrationTest">
        <test-method is-config="true" signature="setup(java.lang.String,java.lang.String)[pri:0, instance:testCases.TC001_AccountRegistrationTest@2f40e5db]" started-at="2024-11-01T15:42:20 IST" name="setup" finished-at="2024-11-01T15:42:26 IST" duration-ms="6391" status="PASS">
          <params>
            <param index="0">
              <value>
                <![CDATA[Windows]]>
              </value>
            </param>
            <param index="1">
              <value>
                <![CDATA[firefox]]>
              </value>
            </param>
          </params>
          <reporter-output>
          </reporter-output>
        </test-method> <!-- setup -->
        <test-method signature="tearDown()[pri:0, instance:testCases.TC001_AccountRegistrationTest@2f40e5db]" started-at="2024-11-01T15:42:26 IST" name="tearDown" finished-at="2024-11-01T15:42:28 IST" duration-ms="1934" status="PASS">
          <reporter-output>
          </reporter-output>
        </test-method> <!-- tearDown -->
        <test-method is-config="true" signature="verifyAccountRegistration()[pri:0, instance:testCases.TC001_AccountRegistrationTest@2f40e5db]" started-at="2024-11-01T15:42:28 IST" name="verifyAccountRegistration" finished-at="2024-11-01T15:42:29 IST" duration-ms="677" status="PASS">
          <reporter-output>
          </reporter-output>
        </test-method> <!-- verifyAccountRegistration -->
      </class> <!-- testCases.TC001_AccountRegistrationTest -->
    </test> <!-- FirefoxTest -->
  </suite> <!-- Suite -->
</testng-results>
